<?xml version="1.0" encoding="UTF-8"?>
<!-- Generated by org.testng.reporters.JUnitReportReporter -->
<testsuite hostname="DESKTOP-EOH2ECO" failures="0" tests="2" name="com.Test.HomePageTest" time="10.217" errors="0" timestamp="2022-05-04T13:17:56 CDT" skipped="1">
  <testcase classname="com.Test.HomePageTest" name="pageTitleTest" time="10.217"/>
  <system-out/>
  <testcase classname="com.Test.HomePageTest" name="clickContactUsTest">
    <skipped/>
  </testcase> <!-- clickContactUsTest -->
  <system-out/>
</testsuite> <!-- com.Test.HomePageTest -->
